# probe started at 1782057156 endpoint=http://localhost/checkout/health
1782057156 fail 000000 57
1782057161 fail 000000 7
1782057166 fail 000000 11
1782057171 fail 000000 11
1782057173 fail 000000 12
1782057178 fail 000000 10
1782057183 fail 000000 8
1782057188 fail 000000 9
1782057193 fail 000000 11
1782057199 fail 000000 12
1782057201 fail 000000 11
1782057206 fail 000000 8
1782057211 fail 000000 14
1782057216 fail 000000 75
1782057221 fail 000000 23
1782057226 fail 000000 11
1782057228 fail 000000 8
1782057233 fail 000000 15
1782057238 fail 000000 12
1782057244 fail 000000 8
1782057249 fail 000000 8
1782057254 fail 000000 758
1782057256 fail 000000 8
1782057261 fail 000000 10
1782057266 fail 000000 14
1782057271 fail 000000 9
1782057276 fail 000000 15
1782057282 fail 000000 12
1782057283 fail 000000 15
1782057288 fail 000000 13
1782057293 fail 000000 8
1782057298 fail 000000 11
1782057303 fail 000000 7
1782057306 fail 000000 7
1782057311 fail 000000 7
1782057316 fail 000000 9
1782057321 fail 000000 11
1782057326 fail 000000 14
1782057331 fail 000000 12
1782057333 fail 000000 13
1782057338 fail 000000 10
1782057343 fail 000000 16
1782057348 fail 000000 13
1782057353 fail 000000 10
1782057358 fail 000000 12
1782057361 fail 000000 8
1782057366 fail 000000 7
1782057371 fail 000000 10
1782057376 fail 000000 6
1782057381 fail 000000 12
1782057386 fail 000000 12
1782057388 fail 000000 10
1782057393 fail 000000 21
1782057398 fail 000000 12
1782057403 fail 000000 8
1782057408 fail 000000 6
1782057413 fail 000000 12
1782057416 fail 000000 13
1782057421 fail 000000 10
1782057426 fail 000000 8
1782057431 fail 000000 14
1782057436 fail 000000 16
1782057441 fail 000000 14
1782057443 fail 000000 16
1782057448 fail 000000 28
1782057453 fail 000000 8
1782057458 fail 000000 9
1782057463 fail 000000 11
1782057468 fail 000000 7
1782057471 fail 000000 8
1782057476 fail 000000 12
1782057481 fail 000000 10
1782057486 fail 000000 12
1782057491 fail 000000 9
1782057496 fail 000000 17
1782057498 fail 000000 17
1782057503 fail 000000 9
1782057508 fail 000000 13
1782057513 fail 000000 10
1782057518 fail 000000 9
1782057523 fail 000000 10
1782057525 fail 000000 8
1782057531 fail 000000 9
1782057536 fail 000000 9
1782057541 fail 000000 9
1782057546 fail 000000 7
1782057551 fail 000000 12
1782057553 fail 000000 7
1782057558 fail 000000 18
1782057563 fail 000000 6
1782057568 fail 000000 13
1782057573 fail 000000 12
1782057578 fail 000000 8
1782057580 fail 000000 13
1782057585 fail 000000 13
1782057590 fail 000000 10
1782057595 fail 000000 6
1782057600 fail 000000 10
1782057605 fail 000000 8
1782057608 fail 000000 13
1782057613 fail 000000 14
1782057618 fail 000000 8
1782057623 fail 000000 12
1782057628 fail 000000 14
1782057633 fail 000000 7
1782057635 fail 000000 14
1782057640 fail 000000 12
1782057645 fail 000000 12
1782057650 fail 000000 8
1782057655 fail 000000 10
1782057660 fail 000000 17
1782057663 fail 000000 19
1782057668 fail 000000 22
1782057673 fail 000000 12
1782057678 fail 000000 19
1782057683 fail 000000 12
1782057688 fail 000000 11
1782057690 fail 000000 6
1782057695 fail 000000 10
1782057700 fail 000000 14
1782057705 fail 000000 10
1782057710 fail 000000 9
1782057715 fail 000000 9
1782057718 fail 000000 6
1782057723 fail 000000 8
1782057728 fail 000000 19
1782057733 fail 000000 16
1782057738 fail 000000 9
1782057743 fail 000000 9
1782057745 fail 000000 14
1782057750 fail 000000 13
1782057755 fail 000000 9
1782057760 fail 000000 9
1782057765 fail 000000 9
1782057770 fail 000000 11
1782057773 fail 000000 11
1782057778 fail 000000 11
1782057783 fail 000000 14
1782057788 fail 000000 10
1782057793 fail 000000 12
1782057798 fail 000000 9
1782057800 fail 000000 13
1782057805 fail 000000 8
1782057810 fail 000000 13
1782057815 fail 000000 12
1782057820 fail 000000 12
1782057825 fail 000000 7
1782057828 fail 000000 8
1782057833 fail 000000 13
1782057838 fail 000000 7
1782057843 fail 000000 22
1782057848 fail 000000 14
1782057853 fail 000000 9
1782057855 fail 000000 6
1782057860 fail 000000 12
1782057865 fail 000000 22
1782057870 fail 000000 17
1782057875 fail 000000 19
1782057880 fail 000000 7
1782057883 fail 000000 12
1782057888 fail 000000 13
1782057893 fail 000000 8
1782057898 fail 000000 12
1782057903 fail 000000 7
1782057908 fail 000000 13
1782057910 fail 000000 12
1782057915 fail 000000 9
1782057920 fail 000000 6
1782057925 fail 000000 10
1782057930 fail 000000 8
1782057935 fail 000000 13
1782057937 fail 000000 10
1782057942 fail 000000 10
1782057948 fail 000000 14
1782057953 fail 000000 6
1782057958 fail 000000 8
1782057963 fail 000000 7
1782057965 fail 000000 11
1782057970 fail 000000 8
1782057975 fail 000000 8
1782057980 fail 000000 6
1782057985 fail 000000 8
1782057990 fail 000000 11
1782057992 fail 000000 7
1782057997 fail 000000 9
1782058002 fail 000000 12
1782058007 fail 000000 7
1782058012 fail 000000 16
1782058017 fail 000000 6
1782058020 fail 000000 14
1782058025 fail 000000 12
1782058030 fail 000000 14
1782058035 fail 000000 12
1782058040 fail 000000 8
1782058046 fail 000000 13
1782058047 fail 000000 10
1782058052 fail 000000 14
1782058057 fail 000000 14
1782058062 fail 000000 6
1782058067 fail 000000 18
1782058070 fail 000000 13
1782058075 fail 000000 6
1782058080 fail 000000 11
1782058085 fail 000000 6
1782058090 fail 000000 10
1782058095 fail 000000 7
1782058097 fail 000000 7
1782058102 fail 000000 34
1782058107 fail 000000 9
1782058112 fail 000000 8
1782058117 fail 000000 11
1782058122 fail 000000 37
1782058125 fail 000000 13
1782058130 fail 000000 14
1782058135 fail 000000 13
1782058140 fail 000000 8
1782058145 fail 000000 7
1782058150 fail 000000 7
1782058152 fail 000000 7
1782058157 fail 000000 125
1782058162 fail 000000 12
1782058167 fail 000000 13
1782058172 fail 000000 12
1782058177 fail 000000 14
1782058180 fail 000000 12
1782058185 fail 000000 13
1782058190 fail 000000 9
1782058195 fail 000000 20
1782058200 fail 000000 14
1782058205 fail 000000 8
1782058207 fail 000000 19
1782058212 fail 000000 11
1782058217 fail 000000 12
1782058222 fail 000000 6
1782058227 fail 000000 21
1782058232 fail 000000 7
1782058235 fail 000000 13
1782058240 fail 000000 15
1782058245 fail 000000 15
1782058250 fail 000000 9
1782058255 fail 000000 10
1782058260 fail 000000 12
1782058262 fail 000000 15
1782058267 fail 000000 9
1782058272 fail 000000 11
1782058277 fail 000000 6
1782058282 fail 000000 16
1782058287 fail 000000 7
1782058290 fail 000000 13
1782058295 fail 000000 10
1782058300 fail 000000 7
1782058305 fail 000000 16
1782058310 fail 000000 11
1782058315 fail 000000 12
1782058317 fail 000000 19
1782058322 fail 000000 15
1782058327 fail 000000 10
1782058332 fail 000000 9
1782058337 fail 000000 11
1782058342 fail 000000 9
1782058345 fail 000000 7
1782058350 fail 000000 15
1782058355 fail 000000 28
1782058360 fail 000000 16
1782058365 fail 000000 16
1782058370 fail 000000 15
1782058372 fail 000000 7
1782058377 fail 000000 14
1782058382 fail 000000 8
1782058387 fail 000000 9
1782058392 fail 000000 14
1782058397 fail 000000 8
1782058399 fail 000000 9
1782058405 fail 000000 13
1782058410 fail 000000 10
1782058415 fail 000000 18
1782058420 fail 000000 18
1782058425 fail 000000 11
1782058427 fail 000000 9
1782058432 fail 000000 20
1782058437 fail 000000 12
1782058442 fail 000000 10
1782058447 fail 000000 6
1782058452 fail 000000 10
1782058454 fail 000000 9
1782058460 fail 000000 10
1782058465 fail 000000 10
1782058470 fail 000000 8
1782058475 fail 000000 16
1782058480 fail 000000 7
1782058482 fail 000000 15
1782058487 fail 000000 9
1782058492 fail 000000 14
1782058497 fail 000000 8
1782058502 fail 000000 13
1782058507 fail 000000 10
1782058509 fail 000000 14
1782058514 fail 000000 9
1782058519 fail 000000 12
1782058525 fail 000000 9
1782058530 fail 000000 13
1782058535 fail 000000 10
1782058537 fail 000000 18
1782058542 fail 000000 15
1782058547 fail 000000 10
1782058552 fail 000000 6
1782058557 fail 000000 8
1782058562 fail 000000 7
1782058564 fail 000000 9
1782058569 fail 000000 12
1782058574 fail 000000 14
1782058579 fail 000000 9
1782058584 fail 000000 10
1782058589 fail 000000 14
1782058592 fail 000000 15
1782058597 fail 000000 10
1782058602 fail 000000 14
1782058607 fail 000000 29
1782058612 fail 000000 12
1782058617 fail 000000 16
1782058620 fail 000000 17
1782058625 fail 000000 8
1782058630 fail 000000 9
1782058635 fail 000000 15
1782058640 fail 000000 12
1782058645 fail 000000 10
1782058647 fail 000000 7
1782058652 fail 000000 9
1782058657 fail 000000 13
1782058662 fail 000000 10
1782058667 fail 000000 6
1782058672 fail 000000 10
1782058674 fail 000000 13
1782058679 fail 000000 9
1782058684 fail 000000 8
1782058690 fail 000000 10
1782058695 fail 000000 6
1782058700 fail 000000 6
1782058702 fail 000000 12
1782058707 fail 000000 19
1782058712 fail 000000 8
1782058717 fail 000000 11
1782058722 fail 000000 13
1782058728 fail 000000 11
1782058729 fail 000000 9
1782058734 fail 000000 11
1782058739 fail 000000 12
1782058745 fail 000000 8
1782058750 fail 000000 7
1782058752 fail 000000 8
1782058757 fail 000000 6
1782058762 fail 000000 9
1782058767 fail 000000 9
1782058772 fail 000000 8
1782058777 fail 000000 14
1782058779 fail 000000 13
1782058784 fail 000000 11
1782058789 fail 000000 11
1782058794 fail 000000 20
1782058799 fail 000000 13
1782058804 fail 000000 15
1782058807 fail 000000 16
1782058812 fail 000000 12
1782058817 fail 000000 17
1782058822 fail 000000 16
1782058827 fail 000000 7
1782058832 fail 000000 14
1782058834 fail 000000 10
1782058839 fail 000000 15
1782058844 fail 000000 12
1782058849 fail 000000 12
1782058854 fail 000000 8
1782058859 fail 000000 16
1782058862 fail 000000 7
1782058867 fail 000000 10
1782058872 fail 000000 13
1782058877 fail 000000 8
1782058882 fail 000000 8
1782058887 fail 000000 7
1782058889 fail 000000 12
1782058894 fail 000000 17
1782058899 fail 000000 6
1782058904 fail 000000 16
1782058909 fail 000000 11
1782058914 fail 000000 15
1782058917 fail 000000 12
1782058922 fail 000000 13
1782058927 fail 000000 13
1782058932 fail 000000 17
1782058937 fail 000000 15
1782058942 fail 000000 10
1782058944 fail 000000 10
1782058949 fail 000000 7
1782058954 fail 000000 7
1782058959 fail 000000 6
1782058965 fail 000000 9
1782058970 fail 000000 11
1782058972 fail 000000 10
1782058977 fail 000000 11
1782058982 fail 000000 10
1782058987 fail 000000 7
1782058992 fail 000000 13
1782058997 fail 000000 7
1782058999 fail 000000 7
1782059004 fail 000000 8
1782059009 fail 000000 7
1782059014 fail 000000 7
1782059019 fail 000000 7
1782059024 fail 000000 8
1782059027 fail 000000 10
1782059032 fail 000000 11
1782059037 fail 000000 8
1782059042 fail 000000 8
1782059047 fail 000000 19
1782059052 fail 000000 9
1782059054 fail 000000 12
1782059059 fail 000000 11
1782059064 fail 000000 10
1782059069 fail 000000 12
1782059074 fail 000000 7
1782059079 fail 000000 9
1782059082 fail 000000 7
1782059087 fail 000000 11
1782059092 fail 000000 13
1782059097 fail 000000 12
1782059102 fail 000000 16
1782059107 fail 000000 9
1782059109 fail 000000 9
1782059114 fail 000000 12
1782059119 fail 000000 8
1782059124 fail 000000 14
1782059129 fail 000000 9
1782059134 fail 000000 13
1782059137 fail 000000 7
1782059142 fail 000000 16
1782059147 fail 000000 25
1782059152 fail 000000 8
1782059157 fail 000000 11
1782059162 fail 000000 9
1782059164 fail 000000 8
1782059169 fail 000000 14
1782059174 fail 000000 22
1782059179 fail 000000 16
1782059184 fail 000000 14
1782059189 fail 000000 15
1782059192 fail 000000 13
1782059197 fail 000000 11
1782059202 fail 000000 9
1782059207 fail 000000 9
1782059212 fail 000000 11
1782059217 fail 000000 11
1782059219 fail 000000 13
1782059224 fail 000000 12
1782059229 fail 000000 12
1782059234 fail 000000 13
1782059239 fail 000000 9
1782059244 fail 000000 13
1782059247 fail 000000 9
1782059252 fail 000000 9
1782059257 fail 000000 9
1782059262 fail 000000 11
1782059267 fail 000000 18
1782059272 fail 000000 11
1782059274 fail 000000 23
1782059279 fail 000000 25
1782059284 fail 000000 8
1782059289 fail 000000 9
1782059294 fail 000000 9
1782059299 fail 000000 9
1782059302 fail 000000 17
1782059307 fail 000000 15
1782059312 fail 000000 13
1782059317 fail 000000 8
1782059322 fail 000000 10
1782059327 fail 000000 12
1782059329 fail 000000 11
1782059334 fail 000000 24
1782059339 fail 000000 20
1782059344 fail 000000 17
1782059349 fail 000000 10
1782059354 fail 000000 7
1782059357 fail 000000 12
1782059362 fail 000000 7
1782059367 fail 000000 9
1782059372 fail 000000 14
1782059377 fail 000000 10
1782059382 fail 000000 10
1782059384 fail 000000 10
1782059389 fail 000000 12
1782059394 fail 000000 11
1782059399 fail 000000 13
1782059404 fail 000000 9
1782059410 fail 000000 8
1782059412 fail 000000 12
1782059417 fail 000000 16
1782059422 fail 000000 19
1782059427 fail 000000 8
1782059432 fail 000000 9
1782059434 fail 000000 8
1782059439 fail 000000 10
1782059444 fail 000000 12
1782059449 fail 000000 9
1782059454 fail 000000 10
1782059459 fail 000000 7
1782059462 fail 000000 11
1782059467 fail 000000 10
1782059472 fail 000000 15
1782059477 fail 000000 10
1782059482 fail 000000 10
1782059487 fail 000000 8
1782059489 fail 000000 11
1782059494 fail 000000 10
1782059499 fail 000000 10
1782059504 fail 000000 8
1782059509 fail 000000 12
1782059514 fail 000000 17
1782059516 fail 000000 8
1782059522 fail 000000 8
1782059527 fail 000000 8
1782059532 fail 000000 11
1782059537 fail 000000 14
1782059542 fail 000000 9
1782059544 fail 000000 8
1782059549 fail 000000 8
1782059554 fail 000000 10
1782059559 fail 000000 12
1782059564 fail 000000 7
1782059569 fail 000000 8
1782059571 fail 000000 15
1782059577 fail 000000 8
1782059582 fail 000000 9
1782059587 fail 000000 16
1782059592 fail 000000 10
1782059597 fail 000000 9
1782059599 fail 000000 56
1782059604 fail 000000 7
1782059609 fail 000000 9
1782059614 fail 000000 9
1782059619 fail 000000 7
1782059624 fail 000000 12
1782059626 fail 000000 11
1782059631 fail 000000 18
1782059636 fail 000000 10
1782059641 fail 000000 16
1782059647 fail 000000 11
1782059652 fail 000000 12
1782059654 fail 000000 8
1782059659 fail 000000 16
1782059664 fail 000000 11
1782059669 fail 000000 16
1782059674 fail 000000 10
1782059679 fail 000000 10
1782059681 fail 000000 10
1782059686 fail 000000 16
1782059691 fail 000000 14
1782059696 fail 000000 9
1782059701 fail 000000 34
1782059706 fail 000000 14
1782059709 fail 000000 9
1782059714 fail 000000 13
1782059719 fail 000000 13
1782059724 fail 000000 32
1782059729 fail 000000 12
1782059734 fail 000000 8
1782059736 fail 000000 9
1782059741 fail 000000 9
1782059746 fail 000000 8
1782059751 fail 000000 9
1782059756 fail 000000 9
1782059761 fail 000000 14
1782059764 fail 000000 13
1782059769 fail 000000 14
1782059774 fail 000000 16
1782059779 fail 000000 13
1782059784 fail 000000 21
1782059789 fail 000000 16
1782059791 fail 000000 31
1782059796 fail 000000 13
1782059801 fail 000000 9
1782059806 fail 000000 10
1782059811 fail 000000 14
1782059816 fail 000000 15
1782059819 fail 000000 11
1782059824 fail 000000 9
1782059829 fail 000000 9
1782059834 fail 000000 8
1782059839 fail 000000 16
1782059844 fail 000000 13
1782059846 fail 000000 12
1782059851 fail 000000 9
1782059856 fail 000000 13
1782059861 fail 000000 8
1782059866 fail 000000 7
1782059871 fail 000000 11
1782059874 fail 000000 9
1782059879 fail 000000 9
1782059884 fail 000000 9
1782059889 fail 000000 10
1782059894 fail 000000 11
1782059899 fail 000000 28
1782059901 fail 000000 8
1782059906 fail 000000 7
1782059911 fail 000000 15
1782059917 fail 000000 12
1782059922 fail 000000 13
1782059927 fail 000000 7
1782059929 fail 000000 13
1782059934 fail 000000 7
1782059939 fail 000000 14
1782059944 fail 000000 6
1782059949 fail 000000 11
1782059954 fail 000000 9
1782059956 fail 000000 14
1782059961 fail 000000 12
1782059966 fail 000000 10
1782059971 fail 000000 8
1782059976 fail 000000 9
1782059982 fail 000000 10
1782059984 fail 000000 8
1782059989 fail 000000 16
1782059994 fail 000000 8
1782059999 fail 000000 13
1782060004 fail 000000 9
1782060009 fail 000000 10
1782060011 fail 000000 10
1782060016 fail 000000 11
1782060021 fail 000000 11
1782060026 fail 000000 12
1782060031 fail 000000 8
1782060036 fail 000000 11
1782060039 fail 000000 10
1782060044 fail 000000 9
1782060049 fail 000000 12
1782060054 fail 000000 22
1782060059 fail 000000 11
1782060064 fail 000000 9
1782060066 fail 000000 7
1782060071 fail 000000 14
1782060076 fail 000000 13
1782060081 fail 000000 9
1782060086 fail 000000 15
1782060092 fail 000000 9
1782060094 fail 000000 14
1782060099 fail 000000 9
1782060104 fail 000000 10
1782060109 fail 000000 14
1782060114 fail 000000 7
1782060120 fail 000000 11
1782060121 fail 000000 14
1782060126 fail 000000 6
1782060131 fail 000000 6
1782060136 fail 000000 6
1782060141 fail 000000 12
1782060143 fail 000000 11
1782060149 fail 000000 10
1782060154 fail 000000 10
1782060159 fail 000000 7
1782060164 fail 000000 10
1782060169 fail 000000 8
1782060171 fail 000000 14
1782060176 fail 000000 8
1782060181 fail 000000 16
1782060186 fail 000000 13
1782060191 fail 000000 9
1782060196 fail 000000 10
1782060198 fail 000000 12
1782060203 fail 000000 9
1782060208 fail 000000 11
1782060214 fail 000000 6
1782060219 fail 000000 12
1782060224 fail 000000 14
1782060226 fail 000000 12
1782060231 fail 000000 6
1782060236 fail 000000 9
1782060241 fail 000000 21
1782060246 fail 000000 15
1782060251 fail 000000 12
1782060253 fail 000000 24
1782060258 fail 000000 28
1782060264 fail 000000 10
1782060269 fail 000000 8
1782060274 fail 000000 16
1782060279 fail 000000 14
1782060281 fail 000000 7
1782060286 fail 000000 16
1782060291 fail 000000 16
1782060296 fail 000000 15
1782060301 fail 000000 8
1782060306 fail 000000 15
1782060308 fail 000000 10
1782060314 fail 000000 14
1782060319 fail 000000 9
1782060324 fail 000000 14
1782060329 fail 000000 7
1782060334 fail 000000 8
1782060336 fail 000000 8
1782060341 fail 000000 11
1782060346 fail 000000 12
1782060351 fail 000000 9
1782060356 fail 000000 13
1782060361 fail 000000 12
1782060363 fail 000000 13
1782060369 fail 000000 13
1782060374 fail 000000 15
1782060379 fail 000000 11
1782060384 fail 000000 13
1782060389 fail 000000 11
1782060391 fail 000000 40
1782060396 fail 000000 15
1782060401 fail 000000 21
1782060406 fail 000000 7
1782060411 fail 000000 7
1782060416 fail 000000 12
1782060418 fail 000000 15
1782060424 fail 000000 10
1782060429 fail 000000 11
1782060434 fail 000000 9
1782060439 fail 000000 11
1782060444 fail 000000 13
1782060446 fail 000000 15
1782060451 fail 000000 15
1782060456 fail 000000 19
1782060461 fail 000000 14
1782060466 fail 000000 14
1782060471 fail 000000 11
1782060474 fail 000000 11
1782060479 fail 000000 11
1782060484 fail 000000 9
1782060489 fail 000000 16
1782060494 fail 000000 15
1782060499 fail 000000 8
1782060501 fail 000000 18
1782060506 fail 000000 9
1782060511 fail 000000 14
1782060516 fail 000000 12
1782060521 fail 000000 12
1782060526 fail 000000 11
1782060529 fail 000000 8
1782060534 fail 000000 14
1782060539 fail 000000 18
1782060544 fail 000000 8
1782060549 fail 000000 8
1782060554 fail 000000 15
1782060556 fail 000000 11
1782060561 fail 000000 13
1782060566 fail 000000 9
1782060571 fail 000000 6
1782060576 fail 000000 17
1782060581 fail 000000 16
1782060584 fail 000000 13
1782060589 fail 000000 19
1782060594 fail 000000 6
1782060599 fail 000000 16
1782060604 fail 000000 11
1782060609 fail 000000 13
1782060611 fail 000000 7
1782060616 fail 000000 10
1782060621 fail 000000 12
1782060626 fail 000000 10
1782060631 fail 000000 11
1782060636 fail 000000 13
1782060639 fail 000000 11
1782060644 fail 000000 9
1782060649 fail 000000 12
1782060654 fail 000000 17
1782060659 fail 000000 14
1782060664 fail 000000 6
1782060666 fail 000000 8
1782060671 fail 000000 8
1782060676 fail 000000 9
1782060681 fail 000000 10
1782060686 fail 000000 14
1782060691 fail 000000 11
1782060693 fail 000000 20
1782060699 fail 000000 8
1782060704 fail 000000 12
1782060709 fail 000000 13
1782060714 fail 000000 10
1782060719 fail 000000 13
1782060721 fail 000000 13
1782060726 fail 000000 7
1782060731 fail 000000 10
1782060736 fail 000000 10
